1493565137676	geckodriver	INFO	Listening on 127.0.0.1:52702
1493565139649	geckodriver::marionette	INFO	Starting browser \\?\C:\Program Files\Mozilla Firefox\firefox.exe with args ["-marionette"]
1493565140356	addons.manager	ERROR	startup failed: [Exception... "Component returned failure code: 0x80070057 (NS_ERROR_ILLEGAL_VALUE) [nsIFile.create]"  nsresult: "0x80070057 (NS_ERROR_ILLEGAL_VALUE)"  location: "JS frame :: resource://gre/modules/FileUtils.jsm :: FileUtils_getDir :: line 70"  data: no] Stack trace: FileUtils_getDir()@resource://gre/modules/FileUtils.jsm:70 < FileUtils_getFile()@resource://gre/modules/FileUtils.jsm:42 < validateBlocklist()@resource://gre/modules/AddonManager.jsm:671 < startup()@resource://gre/modules/AddonManager.jsm:834 < startup()@resource://gre/modules/AddonManager.jsm:3129 < observe()@resource://gre/components/addonManager.js:65
JavaScript error: resource://gre/modules/AddonManager.jsm, line 1657: NS_ERROR_NOT_INITIALIZED: AddonManager is not initialized
1493565143226	Marionette	INFO	Listening on port 52713
JavaScript error: resource://gre/modules/AddonManager.jsm, line 2570: NS_ERROR_NOT_INITIALIZED: AddonManager is not initialized
1493565143379	Marionette	WARN	TLS certificate errors will be ignored for this session
JavaScript error: resource://gre/modules/FileUtils.jsm, line 70: NS_ERROR_ILLEGAL_VALUE: Component returned failure code: 0x80070057 (NS_ERROR_ILLEGAL_VALUE) [nsIFile.create]
1493565204987	geckodriver	INFO	Listening on 127.0.0.1:52899
1493565206973	geckodriver::marionette	INFO	Starting browser \\?\C:\Program Files\Mozilla Firefox\firefox.exe with args ["-marionette"]
1493565207456	addons.manager	ERROR	startup failed: [Exception... "Component returned failure code: 0x80070057 (NS_ERROR_ILLEGAL_VALUE) [nsIFile.create]"  nsresult: "0x80070057 (NS_ERROR_ILLEGAL_VALUE)"  location: "JS frame :: resource://gre/modules/FileUtils.jsm :: FileUtils_getDir :: line 70"  data: no] Stack trace: FileUtils_getDir()@resource://gre/modules/FileUtils.jsm:70 < FileUtils_getFile()@resource://gre/modules/FileUtils.jsm:42 < validateBlocklist()@resource://gre/modules/AddonManager.jsm:671 < startup()@resource://gre/modules/AddonManager.jsm:834 < startup()@resource://gre/modules/AddonManager.jsm:3129 < observe()@resource://gre/components/addonManager.js:65
JavaScript error: resource://gre/modules/AddonManager.jsm, line 1657: NS_ERROR_NOT_INITIALIZED: AddonManager is not initialized
1493565210311	Marionette	INFO	Listening on port 52910
JavaScript error: resource://gre/modules/AddonManager.jsm, line 2570: NS_ERROR_NOT_INITIALIZED: AddonManager is not initialized
1493565210633	Marionette	WARN	TLS certificate errors will be ignored for this session
1493565248755	geckodriver	INFO	Listening on 127.0.0.1:53006
1493565250738	geckodriver::marionette	INFO	Starting browser \\?\C:\Program Files\Mozilla Firefox\firefox.exe with args ["-marionette"]
1493565251219	addons.manager	ERROR	startup failed: [Exception... "Component returned failure code: 0x80070057 (NS_ERROR_ILLEGAL_VALUE) [nsIFile.create]"  nsresult: "0x80070057 (NS_ERROR_ILLEGAL_VALUE)"  location: "JS frame :: resource://gre/modules/FileUtils.jsm :: FileUtils_getDir :: line 70"  data: no] Stack trace: FileUtils_getDir()@resource://gre/modules/FileUtils.jsm:70 < FileUtils_getFile()@resource://gre/modules/FileUtils.jsm:42 < validateBlocklist()@resource://gre/modules/AddonManager.jsm:671 < startup()@resource://gre/modules/AddonManager.jsm:834 < startup()@resource://gre/modules/AddonManager.jsm:3129 < observe()@resource://gre/components/addonManager.js:65
JavaScript error: resource://gre/modules/AddonManager.jsm, line 1657: NS_ERROR_NOT_INITIALIZED: AddonManager is not initialized
1493565254009	Marionette	INFO	Listening on port 53017
JavaScript error: resource://gre/modules/AddonManager.jsm, line 2570: NS_ERROR_NOT_INITIALIZED: AddonManager is not initialized
1493565254419	Marionette	WARN	TLS certificate errors will be ignored for this session
JavaScript error: resource://gre/modules/FileUtils.jsm, line 70: NS_ERROR_ILLEGAL_VALUE: Component returned failure code: 0x80070057 (NS_ERROR_ILLEGAL_VALUE) [nsIFile.create]
JavaScript error: resource://app/modules/WindowsJumpLists.jsm, line 403: NS_ERROR_FILE_NOT_FOUND: Component returned failure code: 0x80520012 (NS_ERROR_FILE_NOT_FOUND) [nsIJumpListShortcut.app]
1493565465191	geckodriver	INFO	Listening on 127.0.0.1:53438
1493565467156	geckodriver::marionette	INFO	Starting browser \\?\C:\Program Files\Mozilla Firefox\firefox.exe with args ["-marionette"]
1493565467754	addons.manager	ERROR	startup failed: [Exception... "Component returned failure code: 0x80070057 (NS_ERROR_ILLEGAL_VALUE) [nsIFile.create]"  nsresult: "0x80070057 (NS_ERROR_ILLEGAL_VALUE)"  location: "JS frame :: resource://gre/modules/FileUtils.jsm :: FileUtils_getDir :: line 70"  data: no] Stack trace: FileUtils_getDir()@resource://gre/modules/FileUtils.jsm:70 < FileUtils_getFile()@resource://gre/modules/FileUtils.jsm:42 < validateBlocklist()@resource://gre/modules/AddonManager.jsm:671 < startup()@resource://gre/modules/AddonManager.jsm:834 < startup()@resource://gre/modules/AddonManager.jsm:3129 < observe()@resource://gre/components/addonManager.js:65
JavaScript error: resource://gre/modules/AddonManager.jsm, line 1657: NS_ERROR_NOT_INITIALIZED: AddonManager is not initialized
1493565470536	Marionette	INFO	Listening on port 53449
JavaScript error: resource://gre/modules/AddonManager.jsm, line 2570: NS_ERROR_NOT_INITIALIZED: AddonManager is not initialized
1493565470817	Marionette	WARN	TLS certificate errors will be ignored for this session
JavaScript error: resource://gre/modules/FileUtils.jsm, line 70: NS_ERROR_ILLEGAL_VALUE: Component returned failure code: 0x80070057 (NS_ERROR_ILLEGAL_VALUE) [nsIFile.create]
